[debug] [2025-01-19T16:54:53.335Z] ----------------------------------------------------------------------
[debug] [2025-01-19T16:54:53.337Z] Command:       /Users/marciano/.asdf/installs/nodejs/20.12.0/bin/node /Users/marciano/.asdf/installs/nodejs/20.12.0/bin/firebase emulators:start
[debug] [2025-01-19T16:54:53.337Z] CLI Version:   13.29.1
[debug] [2025-01-19T16:54:53.337Z] Platform:      darwin
[debug] [2025-01-19T16:54:53.337Z] Node Version:  v20.12.0
[debug] [2025-01-19T16:54:53.337Z] Time:          Sun Jan 19 2025 17:54:53 GMT+0100 (Central European Standard Time)
[debug] [2025-01-19T16:54:53.337Z] ----------------------------------------------------------------------
[debug] 
[debug] [2025-01-19T16:54:53.414Z] > command requires scopes: ["email","openid","https://www.googleapis.com/auth/cloudplatformprojects.readonly","https://www.googleapis.com/auth/firebase","https://www.googleapis.com/auth/cloud-platform"]
[debug] [2025-01-19T16:54:53.414Z] > authorizing via signed-in user (marciano@kabisa.nl)
[debug] [2025-01-19T16:54:53.684Z] openjdk version "20.0.1" 2023-04-18

[debug] [2025-01-19T16:54:53.685Z] OpenJDK Runtime Environment (build 20.0.1+9-29)

[debug] [2025-01-19T16:54:53.685Z] OpenJDK 64-Bit Server VM (build 20.0.1+9-29, mixed mode, sharing)

[debug] [2025-01-19T16:54:53.699Z] Parsed Java major version: 20
[info] i  emulators: Starting emulators: auth, firestore {"metadata":{"emulator":{"name":"hub"},"message":"Starting emulators: auth, firestore"}}
[debug] [2025-01-19T16:54:54.630Z] [logging] Logging Emulator only supports listening on one address (127.0.0.1). Not listening on ::1
[debug] [2025-01-19T16:54:54.631Z] [auth] Authentication Emulator only supports listening on one address (127.0.0.1). Not listening on ::1
[debug] [2025-01-19T16:54:54.631Z] [firestore] Firestore Emulator only supports listening on one address (127.0.0.1). Not listening on ::1
[debug] [2025-01-19T16:54:54.631Z] [firestore.websocket] websocket server for firestore only supports listening on one address (127.0.0.1). Not listening on ::1
[debug] [2025-01-19T16:54:54.631Z] assigned listening specs for emulators {"user":{"hub":[{"address":"127.0.0.1","family":"IPv4","port":4400},{"address":"::1","family":"IPv6","port":4400}],"ui":[{"address":"127.0.0.1","family":"IPv4","port":4000},{"address":"::1","family":"IPv6","port":4000}],"logging":[{"address":"127.0.0.1","family":"IPv4","port":4500}],"auth":[{"address":"127.0.0.1","family":"IPv4","port":9099}],"firestore":[{"address":"127.0.0.1","family":"IPv4","port":8080}],"firestore.websocket":[{"address":"127.0.0.1","family":"IPv4","port":9150}]},"metadata":{"message":"assigned listening specs for emulators"}}
[debug] [2025-01-19T16:54:54.634Z] [hub] writing locator at /var/folders/2w/sqmm8jvn7f12x6v89dvnbjjr0000gn/T/hub-polls-d8b3d.json
[debug] [2025-01-19T16:54:54.639Z] Ignoring unsupported arg: auto_download {"metadata":{"emulator":{"name":"firestore"},"message":"Ignoring unsupported arg: auto_download"}}
[debug] [2025-01-19T16:54:54.640Z] Ignoring unsupported arg: single_project_mode_error {"metadata":{"emulator":{"name":"firestore"},"message":"Ignoring unsupported arg: single_project_mode_error"}}
[debug] [2025-01-19T16:54:54.640Z] Starting Firestore Emulator with command {"binary":"java","args":["-Dgoogle.cloud_firestore.debug_log_level=FINE","-Duser.language=en","-jar","/Users/marciano/.cache/firebase/emulators/cloud-firestore-emulator-v1.19.8.jar","--host","127.0.0.1","--port",8080,"--websocket_port",9150,"--project_id","polls-d8b3d","--rules","/Users/marciano/CascadeProjects/devvoted/firestore.rules","--single_project_mode",true],"optionalArgs":["port","webchannel_port","host","rules","websocket_port","functions_emulator","seed_from_export","project_id","single_project_mode"],"joinArgs":false,"shell":false,"port":8080} {"metadata":{"emulator":{"name":"firestore"},"message":"Starting Firestore Emulator with command {\"binary\":\"java\",\"args\":[\"-Dgoogle.cloud_firestore.debug_log_level=FINE\",\"-Duser.language=en\",\"-jar\",\"/Users/marciano/.cache/firebase/emulators/cloud-firestore-emulator-v1.19.8.jar\",\"--host\",\"127.0.0.1\",\"--port\",8080,\"--websocket_port\",9150,\"--project_id\",\"polls-d8b3d\",\"--rules\",\"/Users/marciano/CascadeProjects/devvoted/firestore.rules\",\"--single_project_mode\",true],\"optionalArgs\":[\"port\",\"webchannel_port\",\"host\",\"rules\",\"websocket_port\",\"functions_emulator\",\"seed_from_export\",\"project_id\",\"single_project_mode\"],\"joinArgs\":false,\"shell\":false,\"port\":8080}"}}
[info] i  firestore: Firestore Emulator logging to firestore-debug.log {"metadata":{"emulator":{"name":"firestore"},"message":"Firestore Emulator logging to \u001b[1mfirestore-debug.log\u001b[22m"}}
[debug] [2025-01-19T16:54:56.729Z] Jan 19, 2025 5:54:56 PM com.google.cloud.datastore.emulator.firestore.websocket.WebSocketServer start
INFO: Started WebSocket server on ws://127.0.0.1:9150
 {"metadata":{"emulator":{"name":"firestore"},"message":"Jan 19, 2025 5:54:56 PM com.google.cloud.datastore.emulator.firestore.websocket.WebSocketServer start\nINFO: Started WebSocket server on ws://127.0.0.1:9150\n"}}
[debug] [2025-01-19T16:54:56.764Z] API endpoint: http:// {"metadata":{"emulator":{"name":"firestore"},"message":"API endpoint: http://"}}
[debug] [2025-01-19T16:54:56.764Z] 127.0.0.1:8080 {"metadata":{"emulator":{"name":"firestore"},"message":"127.0.0.1:8080"}}
[debug] [2025-01-19T16:54:56.765Z] 
If you are using a library that supports the FIRESTORE_EMULATOR_HOST environment variable, run:
 {"metadata":{"emulator":{"name":"firestore"},"message":"\nIf you are using a library that supports the FIRESTORE_EMULATOR_HOST environment variable, run:\n"}}
[debug] [2025-01-19T16:54:56.765Z] 
   export FIRESTORE_EMULATOR_HOST= {"metadata":{"emulator":{"name":"firestore"},"message":"\n   export FIRESTORE_EMULATOR_HOST="}}
[debug] [2025-01-19T16:54:56.765Z] 127.0.0.1:8080 {"metadata":{"emulator":{"name":"firestore"},"message":"127.0.0.1:8080"}}
[debug] [2025-01-19T16:54:56.765Z] 

If you are running a Firestore in Datastore Mode project, run:

   export DATASTORE_EMULATOR_HOST=127.0.0.1:8080

Note: Support for Datastore Mode is in preview. If you encounter any bugs please file at https://github.com/firebase/firebase-tools/issues.
Dev App Server is now running.

 {"metadata":{"emulator":{"name":"firestore"},"message":"\n\nIf you are running a Firestore in Datastore Mode project, run:\n\n   export DATASTORE_EMULATOR_HOST=127.0.0.1:8080\n\nNote: Support for Datastore Mode is in preview. If you encounter any bugs please file at https://github.com/firebase/firebase-tools/issues.\nDev App Server is now running.\n\n"}}
[info] ✔  firestore: Firestore Emulator UI websocket is running on 9150. {"metadata":{"emulator":{"name":"firestore"},"message":"Firestore Emulator UI websocket is running on 9150."}}
[info] i  ui: downloading ui-v1.14.0.zip... {"metadata":{"emulator":{"name":"ui"},"message":"downloading ui-v1.14.0.zip..."}}
[debug] [2025-01-19T16:55:01.377Z] >>> [apiv2][query] GET https://storage.googleapis.com/firebase-preview-drop/emulator/ui-v1.14.0.zip 
[debug] [2025-01-19T16:55:01.623Z] <<< [apiv2][status] GET https://storage.googleapis.com/firebase-preview-drop/emulator/ui-v1.14.0.zip 200
[debug] [2025-01-19T16:55:01.623Z] <<< [apiv2][body] GET https://storage.googleapis.com/firebase-preview-drop/emulator/ui-v1.14.0.zip [stream]
[debug] [2025-01-19T16:55:01.874Z] Data is 3615311
[debug] [2025-01-19T16:55:01.875Z] [unzip] Entry: client/ (compressed_size=0 bytes, uncompressed_size=0 bytes)
[debug] [2025-01-19T16:55:01.875Z] [unzip] Processing entry: client/
[debug] [2025-01-19T16:55:01.875Z] [unzip] mkdir: /Users/marciano/.cache/firebase/emulators/ui-v1.14.0/client/
[debug] [2025-01-19T16:55:01.875Z] [unzip] Entry: client/favicon-16x16.png (compressed_size=293 bytes, uncompressed_size=293 bytes)
[debug] [2025-01-19T16:55:01.875Z] [unzip] Processing entry: client/favicon-16x16.png
[debug] [2025-01-19T16:55:01.875Z] [unzip] else mkdir: /Users/marciano/.cache/firebase/emulators/ui-v1.14.0/client
[debug] [2025-01-19T16:55:01.875Z] [unzip] Writing file: /Users/marciano/.cache/firebase/emulators/ui-v1.14.0/client/favicon-16x16.png
[debug] [2025-01-19T16:55:01.876Z] [unzip] Entry: client/safari-pinned-tab.svg (compressed_size=1433 bytes, uncompressed_size=2611 bytes)
[debug] [2025-01-19T16:55:01.876Z] [unzip] Processing entry: client/safari-pinned-tab.svg
[debug] [2025-01-19T16:55:01.876Z] [unzip] else mkdir: /Users/marciano/.cache/firebase/emulators/ui-v1.14.0/client
[debug] [2025-01-19T16:55:01.876Z] [unzip] deflating: /Users/marciano/.cache/firebase/emulators/ui-v1.14.0/client/safari-pinned-tab.svg
[debug] [2025-01-19T16:55:01.878Z] [unzip] Entry: client/favicon.ico (compressed_size=2933 bytes, uncompressed_size=13294 bytes)
[debug] [2025-01-19T16:55:01.878Z] [unzip] Processing entry: client/favicon.ico
[debug] [2025-01-19T16:55:01.878Z] [unzip] else mkdir: /Users/marciano/.cache/firebase/emulators/ui-v1.14.0/client
[debug] [2025-01-19T16:55:01.878Z] [unzip] deflating: /Users/marciano/.cache/firebase/emulators/ui-v1.14.0/client/favicon.ico
[debug] [2025-01-19T16:55:01.878Z] [unzip] Entry: client/index.html (compressed_size=1363 bytes, uncompressed_size=3071 bytes)
[debug] [2025-01-19T16:55:01.879Z] [unzip] Processing entry: client/index.html
[debug] [2025-01-19T16:55:01.879Z] [unzip] else mkdir: /Users/marciano/.cache/firebase/emulators/ui-v1.14.0/client
[debug] [2025-01-19T16:55:01.879Z] [unzip] deflating: /Users/marciano/.cache/firebase/emulators/ui-v1.14.0/client/index.html
[debug] [2025-01-19T16:55:01.879Z] [unzip] Entry: client/android-chrome-192x192.png (compressed_size=2684 bytes, uncompressed_size=2684 bytes)
[debug] [2025-01-19T16:55:01.879Z] [unzip] Processing entry: client/android-chrome-192x192.png
[debug] [2025-01-19T16:55:01.879Z] [unzip] else mkdir: /Users/marciano/.cache/firebase/emulators/ui-v1.14.0/client
[debug] [2025-01-19T16:55:01.879Z] [unzip] Writing file: /Users/marciano/.cache/firebase/emulators/ui-v1.14.0/client/android-chrome-192x192.png
[debug] [2025-01-19T16:55:01.880Z] [unzip] Entry: client/apple-touch-icon.png (compressed_size=2123 bytes, uncompressed_size=2152 bytes)
[debug] [2025-01-19T16:55:01.880Z] [unzip] Processing entry: client/apple-touch-icon.png
[debug] [2025-01-19T16:55:01.880Z] [unzip] else mkdir: /Users/marciano/.cache/firebase/emulators/ui-v1.14.0/client
[debug] [2025-01-19T16:55:01.880Z] [unzip] deflating: /Users/marciano/.cache/firebase/emulators/ui-v1.14.0/client/apple-touch-icon.png
[debug] [2025-01-19T16:55:01.880Z] [unzip] Entry: client/android-chrome-512x512.png (compressed_size=5369 bytes, uncompressed_size=5411 bytes)
[debug] [2025-01-19T16:55:01.880Z] [unzip] Processing entry: client/android-chrome-512x512.png
[debug] [2025-01-19T16:55:01.880Z] [unzip] else mkdir: /Users/marciano/.cache/firebase/emulators/ui-v1.14.0/client
[debug] [2025-01-19T16:55:01.880Z] [unzip] deflating: /Users/marciano/.cache/firebase/emulators/ui-v1.14.0/client/android-chrome-512x512.png
[debug] [2025-01-19T16:55:01.881Z] [unzip] Entry: client/manifest.json (compressed_size=245 bytes, uncompressed_size=551 bytes)
[debug] [2025-01-19T16:55:01.881Z] [unzip] Processing entry: client/manifest.json
[debug] [2025-01-19T16:55:01.881Z] [unzip] else mkdir: /Users/marciano/.cache/firebase/emulators/ui-v1.14.0/client
[debug] [2025-01-19T16:55:01.881Z] [unzip] deflating: /Users/marciano/.cache/firebase/emulators/ui-v1.14.0/client/manifest.json
[debug] [2025-01-19T16:55:01.881Z] [unzip] Entry: client/robots.txt (compressed_size=26 bytes, uncompressed_size=26 bytes)
[debug] [2025-01-19T16:55:01.881Z] [unzip] Processing entry: client/robots.txt
[debug] [2025-01-19T16:55:01.881Z] [unzip] else mkdir: /Users/marciano/.cache/firebase/emulators/ui-v1.14.0/client
[debug] [2025-01-19T16:55:01.881Z] [unzip] Writing file: /Users/marciano/.cache/firebase/emulators/ui-v1.14.0/client/robots.txt
[debug] [2025-01-19T16:55:01.882Z] [unzip] Entry: client/mstile-150x150.png (compressed_size=2034 bytes, uncompressed_size=2034 bytes)
[debug] [2025-01-19T16:55:01.882Z] [unzip] Processing entry: client/mstile-150x150.png
[debug] [2025-01-19T16:55:01.882Z] [unzip] else mkdir: /Users/marciano/.cache/firebase/emulators/ui-v1.14.0/client
[debug] [2025-01-19T16:55:01.882Z] [unzip] Writing file: /Users/marciano/.cache/firebase/emulators/ui-v1.14.0/client/mstile-150x150.png
[debug] [2025-01-19T16:55:01.882Z] [unzip] Entry: client/assets/ (compressed_size=0 bytes, uncompressed_size=0 bytes)
[debug] [2025-01-19T16:55:01.882Z] [unzip] Processing entry: client/assets/
[debug] [2025-01-19T16:55:01.882Z] [unzip] mkdir: /Users/marciano/.cache/firebase/emulators/ui-v1.14.0/client/assets/
[debug] [2025-01-19T16:55:01.882Z] [unzip] Entry: client/assets/index-ClZTY_JS.js.map (compressed_size=2328270 bytes, uncompressed_size=9947004 bytes)
[debug] [2025-01-19T16:55:01.882Z] [unzip] Processing entry: client/assets/index-ClZTY_JS.js.map
[debug] [2025-01-19T16:55:01.882Z] [unzip] else mkdir: /Users/marciano/.cache/firebase/emulators/ui-v1.14.0/client/assets
[debug] [2025-01-19T16:55:01.882Z] [unzip] deflating: /Users/marciano/.cache/firebase/emulators/ui-v1.14.0/client/assets/index-ClZTY_JS.js.map
[debug] [2025-01-19T16:55:01.914Z] [unzip] Entry: client/assets/index-ClZTY_JS.js (compressed_size=567195 bytes, uncompressed_size=2035940 bytes)
[debug] [2025-01-19T16:55:01.914Z] [unzip] Processing entry: client/assets/index-ClZTY_JS.js
[debug] [2025-01-19T16:55:01.914Z] [unzip] else mkdir: /Users/marciano/.cache/firebase/emulators/ui-v1.14.0/client/assets
[debug] [2025-01-19T16:55:01.914Z] [unzip] deflating: /Users/marciano/.cache/firebase/emulators/ui-v1.14.0/client/assets/index-ClZTY_JS.js
[debug] [2025-01-19T16:55:01.921Z] [unzip] Entry: client/assets/index-BdgySamB.css (compressed_size=35979 bytes, uncompressed_size=298654 bytes)
[debug] [2025-01-19T16:55:01.921Z] [unzip] Processing entry: client/assets/index-BdgySamB.css
[debug] [2025-01-19T16:55:01.921Z] [unzip] else mkdir: /Users/marciano/.cache/firebase/emulators/ui-v1.14.0/client/assets
[debug] [2025-01-19T16:55:01.921Z] [unzip] deflating: /Users/marciano/.cache/firebase/emulators/ui-v1.14.0/client/assets/index-BdgySamB.css
[debug] [2025-01-19T16:55:01.922Z] [unzip] Entry: client/assets/extensions/ (compressed_size=0 bytes, uncompressed_size=0 bytes)
[debug] [2025-01-19T16:55:01.922Z] [unzip] Processing entry: client/assets/extensions/
[debug] [2025-01-19T16:55:01.922Z] [unzip] mkdir: /Users/marciano/.cache/firebase/emulators/ui-v1.14.0/client/assets/extensions/
[debug] [2025-01-19T16:55:01.922Z] [unzip] Entry: client/assets/extensions/default-extension.png (compressed_size=1646 bytes, uncompressed_size=1657 bytes)
[debug] [2025-01-19T16:55:01.922Z] [unzip] Processing entry: client/assets/extensions/default-extension.png
[debug] [2025-01-19T16:55:01.922Z] [unzip] else mkdir: /Users/marciano/.cache/firebase/emulators/ui-v1.14.0/client/assets/extensions
[debug] [2025-01-19T16:55:01.922Z] [unzip] deflating: /Users/marciano/.cache/firebase/emulators/ui-v1.14.0/client/assets/extensions/default-extension.png
[debug] [2025-01-19T16:55:01.922Z] [unzip] Entry: client/assets/img/ (compressed_size=0 bytes, uncompressed_size=0 bytes)
[debug] [2025-01-19T16:55:01.922Z] [unzip] Processing entry: client/assets/img/
[debug] [2025-01-19T16:55:01.922Z] [unzip] mkdir: /Users/marciano/.cache/firebase/emulators/ui-v1.14.0/client/assets/img/
[debug] [2025-01-19T16:55:01.923Z] [unzip] Entry: client/assets/img/database.png (compressed_size=29449 bytes, uncompressed_size=29988 bytes)
[debug] [2025-01-19T16:55:01.923Z] [unzip] Processing entry: client/assets/img/database.png
[debug] [2025-01-19T16:55:01.923Z] [unzip] else mkdir: /Users/marciano/.cache/firebase/emulators/ui-v1.14.0/client/assets/img
[debug] [2025-01-19T16:55:01.923Z] [unzip] deflating: /Users/marciano/.cache/firebase/emulators/ui-v1.14.0/client/assets/img/database.png
[debug] [2025-01-19T16:55:01.924Z] [unzip] Entry: client/assets/provider-icons/ (compressed_size=0 bytes, uncompressed_size=0 bytes)
[debug] [2025-01-19T16:55:01.924Z] [unzip] Processing entry: client/assets/provider-icons/
[debug] [2025-01-19T16:55:01.924Z] [unzip] mkdir: /Users/marciano/.cache/firebase/emulators/ui-v1.14.0/client/assets/provider-icons/
[debug] [2025-01-19T16:55:01.924Z] [unzip] Entry: client/assets/provider-icons/auth_service_saml.svg (compressed_size=575 bytes, uncompressed_size=1226 bytes)
[debug] [2025-01-19T16:55:01.924Z] [unzip] Processing entry: client/assets/provider-icons/auth_service_saml.svg
[debug] [2025-01-19T16:55:01.924Z] [unzip] else mkdir: /Users/marciano/.cache/firebase/emulators/ui-v1.14.0/client/assets/provider-icons
[debug] [2025-01-19T16:55:01.924Z] [unzip] deflating: /Users/marciano/.cache/firebase/emulators/ui-v1.14.0/client/assets/provider-icons/auth_service_saml.svg
[debug] [2025-01-19T16:55:01.924Z] [unzip] Entry: client/assets/provider-icons/auth_service_phone.svg (compressed_size=261 bytes, uncompressed_size=414 bytes)
[debug] [2025-01-19T16:55:01.924Z] [unzip] Processing entry: client/assets/provider-icons/auth_service_phone.svg
[debug] [2025-01-19T16:55:01.924Z] [unzip] else mkdir: /Users/marciano/.cache/firebase/emulators/ui-v1.14.0/client/assets/provider-icons
[debug] [2025-01-19T16:55:01.925Z] [unzip] deflating: /Users/marciano/.cache/firebase/emulators/ui-v1.14.0/client/assets/provider-icons/auth_service_phone.svg
[debug] [2025-01-19T16:55:01.925Z] [unzip] Entry: client/assets/provider-icons/auth_service_facebook.svg (compressed_size=289 bytes, uncompressed_size=457 bytes)
[debug] [2025-01-19T16:55:01.925Z] [unzip] Processing entry: client/assets/provider-icons/auth_service_facebook.svg
[debug] [2025-01-19T16:55:01.925Z] [unzip] else mkdir: /Users/marciano/.cache/firebase/emulators/ui-v1.14.0/client/assets/provider-icons
[debug] [2025-01-19T16:55:01.925Z] [unzip] deflating: /Users/marciano/.cache/firebase/emulators/ui-v1.14.0/client/assets/provider-icons/auth_service_facebook.svg
[debug] [2025-01-19T16:55:01.925Z] [unzip] Entry: client/assets/provider-icons/auth_service_game_center.svg (compressed_size=991 bytes, uncompressed_size=3921 bytes)
[debug] [2025-01-19T16:55:01.925Z] [unzip] Processing entry: client/assets/provider-icons/auth_service_game_center.svg
[debug] [2025-01-19T16:55:01.925Z] [unzip] else mkdir: /Users/marciano/.cache/firebase/emulators/ui-v1.14.0/client/assets/provider-icons
[debug] [2025-01-19T16:55:01.925Z] [unzip] deflating: /Users/marciano/.cache/firebase/emulators/ui-v1.14.0/client/assets/provider-icons/auth_service_game_center.svg
[debug] [2025-01-19T16:55:01.926Z] [unzip] Entry: client/assets/provider-icons/auth_service_apple.svg (compressed_size=230 bytes, uncompressed_size=334 bytes)
[debug] [2025-01-19T16:55:01.926Z] [unzip] Processing entry: client/assets/provider-icons/auth_service_apple.svg
[debug] [2025-01-19T16:55:01.926Z] [unzip] else mkdir: /Users/marciano/.cache/firebase/emulators/ui-v1.14.0/client/assets/provider-icons
[debug] [2025-01-19T16:55:01.926Z] [unzip] deflating: /Users/marciano/.cache/firebase/emulators/ui-v1.14.0/client/assets/provider-icons/auth_service_apple.svg
[debug] [2025-01-19T16:55:01.926Z] [unzip] Entry: client/assets/provider-icons/auth_service_github.svg (compressed_size=466 bytes, uncompressed_size=838 bytes)
[debug] [2025-01-19T16:55:01.926Z] [unzip] Processing entry: client/assets/provider-icons/auth_service_github.svg
[debug] [2025-01-19T16:55:01.926Z] [unzip] else mkdir: /Users/marciano/.cache/firebase/emulators/ui-v1.14.0/client/assets/provider-icons
[debug] [2025-01-19T16:55:01.926Z] [unzip] deflating: /Users/marciano/.cache/firebase/emulators/ui-v1.14.0/client/assets/provider-icons/auth_service_github.svg
[debug] [2025-01-19T16:55:01.926Z] [unzip] Entry: client/assets/provider-icons/auth_service_mslive.svg (compressed_size=203 bytes, uncompressed_size=378 bytes)
[debug] [2025-01-19T16:55:01.926Z] [unzip] Processing entry: client/assets/provider-icons/auth_service_mslive.svg
[debug] [2025-01-19T16:55:01.926Z] [unzip] else mkdir: /Users/marciano/.cache/firebase/emulators/ui-v1.14.0/client/assets/provider-icons
[debug] [2025-01-19T16:55:01.926Z] [unzip] deflating: /Users/marciano/.cache/firebase/emulators/ui-v1.14.0/client/assets/provider-icons/auth_service_mslive.svg
[debug] [2025-01-19T16:55:01.927Z] [unzip] Entry: client/assets/provider-icons/auth_service_yahoo.svg (compressed_size=577 bytes, uncompressed_size=1182 bytes)
[debug] [2025-01-19T16:55:01.927Z] [unzip] Processing entry: client/assets/provider-icons/auth_service_yahoo.svg
[debug] [2025-01-19T16:55:01.927Z] [unzip] else mkdir: /Users/marciano/.cache/firebase/emulators/ui-v1.14.0/client/assets/provider-icons
[debug] [2025-01-19T16:55:01.927Z] [unzip] deflating: /Users/marciano/.cache/firebase/emulators/ui-v1.14.0/client/assets/provider-icons/auth_service_yahoo.svg
[debug] [2025-01-19T16:55:01.927Z] [unzip] Entry: client/assets/provider-icons/auth_service_twitter.svg (compressed_size=444 bytes, uncompressed_size=751 bytes)
[debug] [2025-01-19T16:55:01.927Z] [unzip] Processing entry: client/assets/provider-icons/auth_service_twitter.svg
[debug] [2025-01-19T16:55:01.927Z] [unzip] else mkdir: /Users/marciano/.cache/firebase/emulators/ui-v1.14.0/client/assets/provider-icons
[debug] [2025-01-19T16:55:01.927Z] [unzip] deflating: /Users/marciano/.cache/firebase/emulators/ui-v1.14.0/client/assets/provider-icons/auth_service_twitter.svg
[debug] [2025-01-19T16:55:01.927Z] [unzip] Entry: client/assets/provider-icons/auth_service_play_games.svg (compressed_size=565 bytes, uncompressed_size=1173 bytes)
[debug] [2025-01-19T16:55:01.928Z] [unzip] Processing entry: client/assets/provider-icons/auth_service_play_games.svg
[debug] [2025-01-19T16:55:01.928Z] [unzip] else mkdir: /Users/marciano/.cache/firebase/emulators/ui-v1.14.0/client/assets/provider-icons
[debug] [2025-01-19T16:55:01.928Z] [unzip] deflating: /Users/marciano/.cache/firebase/emulators/ui-v1.14.0/client/assets/provider-icons/auth_service_play_games.svg
[debug] [2025-01-19T16:55:01.928Z] [unzip] Entry: client/assets/provider-icons/auth_service_email.svg (compressed_size=228 bytes, uncompressed_size=326 bytes)
[debug] [2025-01-19T16:55:01.928Z] [unzip] Processing entry: client/assets/provider-icons/auth_service_email.svg
[debug] [2025-01-19T16:55:01.928Z] [unzip] else mkdir: /Users/marciano/.cache/firebase/emulators/ui-v1.14.0/client/assets/provider-icons
[debug] [2025-01-19T16:55:01.928Z] [unzip] deflating: /Users/marciano/.cache/firebase/emulators/ui-v1.14.0/client/assets/provider-icons/auth_service_email.svg
[debug] [2025-01-19T16:55:01.929Z] [unzip] Entry: client/assets/provider-icons/auth_service_google.svg (compressed_size=409 bytes, uncompressed_size=720 bytes)
[debug] [2025-01-19T16:55:01.929Z] [unzip] Processing entry: client/assets/provider-icons/auth_service_google.svg
[debug] [2025-01-19T16:55:01.929Z] [unzip] else mkdir: /Users/marciano/.cache/firebase/emulators/ui-v1.14.0/client/assets/provider-icons
[debug] [2025-01-19T16:55:01.929Z] [unzip] deflating: /Users/marciano/.cache/firebase/emulators/ui-v1.14.0/client/assets/provider-icons/auth_service_google.svg
[debug] [2025-01-19T16:55:01.929Z] [unzip] Entry: client/assets/provider-icons/auth_service_oidc.svg (compressed_size=414 bytes, uncompressed_size=858 bytes)
[debug] [2025-01-19T16:55:01.929Z] [unzip] Processing entry: client/assets/provider-icons/auth_service_oidc.svg
[debug] [2025-01-19T16:55:01.929Z] [unzip] else mkdir: /Users/marciano/.cache/firebase/emulators/ui-v1.14.0/client/assets/provider-icons
[debug] [2025-01-19T16:55:01.929Z] [unzip] deflating: /Users/marciano/.cache/firebase/emulators/ui-v1.14.0/client/assets/provider-icons/auth_service_oidc.svg
[debug] [2025-01-19T16:55:01.929Z] [unzip] Entry: client/browserconfig.xml (compressed_size=491 bytes, uncompressed_size=822 bytes)
[debug] [2025-01-19T16:55:01.929Z] [unzip] Processing entry: client/browserconfig.xml
[debug] [2025-01-19T16:55:01.929Z] [unzip] else mkdir: /Users/marciano/.cache/firebase/emulators/ui-v1.14.0/client
[debug] [2025-01-19T16:55:01.929Z] [unzip] deflating: /Users/marciano/.cache/firebase/emulators/ui-v1.14.0/client/browserconfig.xml
[debug] [2025-01-19T16:55:01.930Z] [unzip] Entry: client/favicon-32x32.png (compressed_size=475 bytes, uncompressed_size=475 bytes)
[debug] [2025-01-19T16:55:01.930Z] [unzip] Processing entry: client/favicon-32x32.png
[debug] [2025-01-19T16:55:01.930Z] [unzip] else mkdir: /Users/marciano/.cache/firebase/emulators/ui-v1.14.0/client
[debug] [2025-01-19T16:55:01.930Z] [unzip] Writing file: /Users/marciano/.cache/firebase/emulators/ui-v1.14.0/client/favicon-32x32.png
[debug] [2025-01-19T16:55:01.930Z] [unzip] Entry: server/ (compressed_size=0 bytes, uncompressed_size=0 bytes)
[debug] [2025-01-19T16:55:01.930Z] [unzip] Processing entry: server/
[debug] [2025-01-19T16:55:01.930Z] [unzip] mkdir: /Users/marciano/.cache/firebase/emulators/ui-v1.14.0/server/
[debug] [2025-01-19T16:55:01.930Z] [unzip] Entry: server/server.mjs.map (compressed_size=296496 bytes, uncompressed_size=1355667 bytes)
[debug] [2025-01-19T16:55:01.930Z] [unzip] Processing entry: server/server.mjs.map
[debug] [2025-01-19T16:55:01.930Z] [unzip] else mkdir: /Users/marciano/.cache/firebase/emulators/ui-v1.14.0/server
[debug] [2025-01-19T16:55:01.930Z] [unzip] deflating: /Users/marciano/.cache/firebase/emulators/ui-v1.14.0/server/server.mjs.map
[debug] [2025-01-19T16:55:01.935Z] [unzip] Entry: server/server.mjs (compressed_size=315701 bytes, uncompressed_size=1172682 bytes)
[debug] [2025-01-19T16:55:01.935Z] [unzip] Processing entry: server/server.mjs
[debug] [2025-01-19T16:55:01.935Z] [unzip] else mkdir: /Users/marciano/.cache/firebase/emulators/ui-v1.14.0/server
[debug] [2025-01-19T16:55:01.935Z] [unzip] deflating: /Users/marciano/.cache/firebase/emulators/ui-v1.14.0/server/server.mjs
[debug] [2025-01-19T16:55:01.939Z] [unzip] Entry: server/assets/ (compressed_size=0 bytes, uncompressed_size=0 bytes)
[debug] [2025-01-19T16:55:01.939Z] [unzip] Processing entry: server/assets/
[debug] [2025-01-19T16:55:01.939Z] [unzip] mkdir: /Users/marciano/.cache/firebase/emulators/ui-v1.14.0/server/assets/
[debug] [2025-01-19T16:55:01.939Z] [unzip] Entry: server/assets/multipart-parser-DGCUZdXu.mjs.map (compressed_size=4791 bytes, uncompressed_size=17918 bytes)
[debug] [2025-01-19T16:55:01.939Z] [unzip] Processing entry: server/assets/multipart-parser-DGCUZdXu.mjs.map
[debug] [2025-01-19T16:55:01.939Z] [unzip] else mkdir: /Users/marciano/.cache/firebase/emulators/ui-v1.14.0/server/assets
[debug] [2025-01-19T16:55:01.939Z] [unzip] deflating: /Users/marciano/.cache/firebase/emulators/ui-v1.14.0/server/assets/multipart-parser-DGCUZdXu.mjs.map
[debug] [2025-01-19T16:55:01.940Z] [unzip] Entry: server/assets/multipart-parser-DGCUZdXu.mjs (compressed_size=2621 bytes, uncompressed_size=10390 bytes)
[debug] [2025-01-19T16:55:01.940Z] [unzip] Processing entry: server/assets/multipart-parser-DGCUZdXu.mjs
[debug] [2025-01-19T16:55:01.940Z] [unzip] else mkdir: /Users/marciano/.cache/firebase/emulators/ui-v1.14.0/server/assets
[debug] [2025-01-19T16:55:01.940Z] [unzip] deflating: /Users/marciano/.cache/firebase/emulators/ui-v1.14.0/server/assets/multipart-parser-DGCUZdXu.mjs
[info] i  ui: Removing outdated emulator files: ui-v1.11.8 {"metadata":{"emulator":{"name":"ui"},"message":"Removing outdated emulator files: ui-v1.11.8"}}
[info] i  ui: Removing outdated emulator files: ui-v1.11.8.zip {"metadata":{"emulator":{"name":"ui"},"message":"Removing outdated emulator files: ui-v1.11.8.zip"}}
[debug] [2025-01-19T16:55:01.956Z] Could not find VSCode notification endpoint: FetchError: request to http://localhost:40001/vscode/notify failed, reason: . If you are not running the Firebase Data Connect VSCode extension, this is expected and not an issue.
[info] 
┌─────────────────────────────────────────────────────────────┐
│ ✔  All emulators ready! It is now safe to connect your app. │
│ i  View Emulator UI at http://127.0.0.1:4000/               │
└─────────────────────────────────────────────────────────────┘

┌────────────────┬────────────────┬─────────────────────────────────┐
│ Emulator       │ Host:Port      │ View in Emulator UI             │
├────────────────┼────────────────┼─────────────────────────────────┤
│ Authentication │ 127.0.0.1:9099 │ http://127.0.0.1:4000/auth      │
├────────────────┼────────────────┼─────────────────────────────────┤
│ Firestore      │ 127.0.0.1:8080 │ http://127.0.0.1:4000/firestore │
└────────────────┴────────────────┴─────────────────────────────────┘
  Emulator Hub running at 127.0.0.1:4400
  Other reserved ports: 4500, 9150

Issues? Report them at https://github.com/firebase/firebase-tools/issues and attach the *-debug.log files.
 
[debug] [2025-01-19T16:55:10.448Z] Jan 19, 2025 5:55:10 PM com.google.cloud.datastore.emulator.firestore.websocket.WebSocketChannelHandler initChannel
INFO: Connected to new websocket client
 {"metadata":{"emulator":{"name":"firestore"},"message":"Jan 19, 2025 5:55:10 PM com.google.cloud.datastore.emulator.firestore.websocket.WebSocketChannelHandler initChannel\nINFO: Connected to new websocket client\n"}}
[debug] [2025-01-19T16:55:45.202Z] Jan 19, 2025 5:55:45 PM io.gapi.emulators.netty.HttpVersionRoutingHandler channelRead
INFO: Detected non-HTTP/2 connection.
 {"metadata":{"emulator":{"name":"firestore"},"message":"Jan 19, 2025 5:55:45 PM io.gapi.emulators.netty.HttpVersionRoutingHandler channelRead\nINFO: Detected non-HTTP/2 connection.\n"}}
[debug] [2025-01-19T16:55:45.399Z] Jan 19, 2025 5:55:45 PM io.gapi.emulators.netty.HttpVersionRoutingHandler channelRead
INFO: Detected HTTP/2 connection.
 {"metadata":{"emulator":{"name":"firestore"},"message":"Jan 19, 2025 5:55:45 PM io.gapi.emulators.netty.HttpVersionRoutingHandler channelRead\nINFO: Detected HTTP/2 connection.\n"}}
